<?xml version="1.0" encoding="UTF-8" ?>
<testsuite errors="0" failures="0" hostname="vodkalimon.local" name="com.jobsket.taglibs.UrlTagLibTests" tests="2" time="0.227" timestamp="2009-06-04T23:03:37">
  <properties />
  <testcase classname="com.jobsket.taglibs.UrlTagLibTests" name="testLinkConfirmWithConfirmationMessage" time="0.189" />
  <testcase classname="com.jobsket.taglibs.UrlTagLibTests" name="testLinkConfirmWithoutConfirmationMessage" time="0.016" />
  <system-out><![CDATA[--Output from testLinkConfirmWithConfirmationMessage--
--Output from testLinkConfirmWithoutConfirmationMessage--
]]></system-out>
  <system-err><![CDATA[--Output from testLinkConfirmWithConfirmationMessage--
--Output from testLinkConfirmWithoutConfirmationMessage--
]]></system-err>
</testsuite>
