<?xml version="1.0" encoding="UTF-8" ?>
<testsuite errors="0" failures="0" hostname="vodkalimon.local" name="com.jobsket.taglibs.CommonsTagLibTests" tests="2" time="0.192" timestamp="2009-06-04T23:03:37">
  <properties />
  <testcase classname="com.jobsket.taglibs.CommonsTagLibTests" name="testCurrentLang" time="0.128" />
  <testcase classname="com.jobsket.taglibs.CommonsTagLibTests" name="testCurrentCountry" time="0.0020" />
  <system-out><![CDATA[--Output from testCurrentLang--
--Output from testCurrentCountry--
]]></system-out>
  <system-err><![CDATA[--Output from testCurrentLang--
--Output from testCurrentCountry--
]]></system-err>
</testsuite>
